<?xml version="1.0" encoding="UTF-8"?>
<!-- Generated by org.testng.reporters.JUnitReportReporter -->
<testsuite hostname="ojt13-PC" name="DriverFactory.AppTest" tests="1" failures="0" timestamp="22 Oct 2019 04:17:25 GMT" time="26.041" errors="0">
  <testcase name="ERP_Start" time="26.041" classname="DriverFactory.AppTest"/>
</testsuite> <!-- DriverFactory.AppTest -->
