<?xml version="1.0" encoding="UTF-8"?>
<!-- Generated by org.testng.reporters.JUnitReportReporter -->
<testsuite hostname="ojt13-PC" name="DriverFactory.DriverScript" tests="1" failures="0" timestamp="21 Oct 2019 05:45:36 GMT" time="24.260" errors="0">
  <testcase name="startTest" time="24.260" classname="DriverFactory.DriverScript"/>
</testsuite> <!-- DriverFactory.DriverScript -->
